

Microchip Technology PIC18 LITE Macro Assembler V1.40 build -251452761 
                                                                                               Wed Feb  8 15:11:52 2017

Microchip Technology Omniscient Code Generator v1.40 (Free mode) build 201612010151
     1                           	processor	18F4550
     2                           	fnconf	rparam,??,?,0
     3                           	opt	pw 120
     4                           	opt	lm
     5                           	psect	cinit,global,reloc=2,class=CODE,delta=1
     6                           	psect	cstackCOMRAM,global,class=COMRAM,space=1,delta=1,noexec
     7                           	psect	text0,global,reloc=2,class=CODE,delta=1
     8                           	psect	intcode,global,reloc=2,class=CODE,delta=1
     9                           	psect	intcode_body,global,reloc=2,class=CODE,delta=1
    10                           	psect	intsave_regs,global,class=BIGRAM,space=1,delta=1,noexec
    11                           	psect	rparam,global,class=COMRAM,space=1,delta=1,noexec
    12                           	psect	temp,global,ovrld,common,class=COMRAM,space=1,delta=1
    13  0000                     
    14                           ; Version 1.40
    15                           ; Generated 01/12/2016 GMT
    16                           ; 
    17                           ; Copyright © 2016, Microchip Technology Inc. and its subsidiaries ("Microchip")
    18                           ; All rights reserved.
    19                           ; 
    20                           ; This software is developed by Microchip Technology Inc. and its subsidiaries ("Microch
      +                          ip").
    21                           ; 
    22                           ; Redistribution and use in source and binary forms, with or without modification, are
    23                           ; permitted provided that the following conditions are met:
    24                           ; 
    25                           ;     1. Redistributions of source code must retain the above copyright notice, this lis
      +                          t of
    26                           ;        conditions and the following disclaimer.
    27                           ; 
    28                           ;     2. Redistributions in binary form must reproduce the above copyright notice, this 
      +                          list
    29                           ;        of conditions and the following disclaimer in the documentation and/or other
    30                           ;        materials provided with the distribution.
    31                           ; 
    32                           ;     3. Microchip's name may not be used to endorse or promote products derived from th
      +                          is
    33                           ;        software without specific prior written permission.
    34                           ; 
    35                           ; THIS SOFTWARE IS PROVIDED BY MICROCHIP "AS IS" AND ANY EXPRESS OR IMPLIED WARRANTIES,
    36                           ; INCLUDING, BUT NOT LIMITED TO, THE IMPLIED WARRANTIES OF MERCHANTABILITY AND FITNESS F
      +                          OR
    37                           ; PURPOSE ARE DISCLAIMED.  IN NO EVENT SHALL MICROCHIP BE LIABLE FOR ANY DIRECT, INDIREC
      +                          T,
    38                           ; INCIDENTAL, SPECIAL, EXEMPLARY, OR CONSEQUENTIAL DAMAGES (INCLUDING BUT NOT LIMITED TO
    39                           ; PROCUREMENT OF SUBSTITUTE GOODS OR SERVICES; LOSS OF USE, DATA OR PROFITS; OR BUSINESS
    40                           ; INTERRUPTION) HOWSOEVER CAUSED AND ON ANY THEORY OF LIABILITY, WHETHER IN CONTRACT, ST
      +                          RICT
    41                           ; LIABILITY, OR TORT (INCLUDING NEGLIGENCE OR OTHERWISE) ARISING IN ANY WAY OUT OF THE U
      +                          SE OF
    42                           ; THIS SOFTWARE, EVEN IF ADVISED OF THE POSSIBILITY OF SUCH DAMAGE.
    43                           ; 
    44                           ; 
    45                           ; Code-generator required, PIC18F4550 Definitions
    46                           ; 
    47                           ; SFR Addresses
    48  0000                     _INTCONbits	set	4082
    49  0000                     _LATB	set	3978
    50  0000                     _PORTB	set	3969
    51  0000                     _PR2	set	4043
    52  0000                     _T1CONbits	set	4045
    53  0000                     _T2CONbits	set	4042
    54  0000                     _TRISB	set	3987
    55  0000                     _IPEN	set	32391
    56  0000                     _PEIE	set	32662
    57  0000                     _TMR2IE	set	31977
    58  0000                     _TMR2IF	set	31985
    59                           
    60                           ; #config settings
    61  0000                     
    62                           	psect	cinit
    63  0000B8                     __pcinit:
    64                           	opt stack 0
    65  0000B8                     start_initialization:
    66                           	opt stack 0
    67  0000B8                     __initialization:
    68                           	opt stack 0
    69  0000B8                     end_of_initialization:
    70                           	opt stack 0
    71  0000B8                     __end_of__initialization:
    72                           	opt stack 0
    73  0000B8  900F               	bcf	int$flags,0,c	;clear compiler interrupt flag (level 1)
    74  0000BA  920F               	bcf	int$flags,1,c	;clear compiler interrupt flag (level 2)
    75  0000BC  0100               	movlb	0
    76  0000BE  EF48  F000         	goto	_main	;jump to C main() function
    77                           
    78                           	psect	cstackCOMRAM
    79  000001                     __pcstackCOMRAM:
    80                           	opt stack 0
    81  000001                     ??_CHECK:
    82                           
    83                           ; 1 bytes @ 0x0
    84  000001                     	ds	14
    85  00000F                     
    86                           ; 1 bytes @ 0xE
    87 ;;
    88 ;;Main: autosize = 0, tempsize = 0, incstack = 0, save=0
    89 ;;
    90 ;; *************** function _main *****************
    91 ;; Defined at:
    92 ;;		line 24 in file "main.c"
    93 ;; Parameters:    Size  Location     Type
    94 ;;		None
    95 ;; Auto vars:     Size  Location     Type
    96 ;;		None
    97 ;; Return value:  Size  Location     Type
    98 ;;                  1    wreg      void 
    99 ;; Registers used:
   100 ;;		wreg, status,2
   101 ;; Tracked objects:
   102 ;;		On entry : 0/0
   103 ;;		On exit  : 0/0
   104 ;;		Unchanged: 0/0
   105 ;; Data sizes:     COMRAM   BANK0   BANK1   BANK2   BANK3   BANK4   BANK5   BANK6   BANK7
   106 ;;      Params:         0       0       0       0       0       0       0       0       0
   107 ;;      Locals:         0       0       0       0       0       0       0       0       0
   108 ;;      Temps:          0       0       0       0       0       0       0       0       0
   109 ;;      Totals:         0       0       0       0       0       0       0       0       0
   110 ;;Total ram usage:        0 bytes
   111 ;; Hardware stack levels required when called:    1
   112 ;; This function calls:
   113 ;;		Nothing
   114 ;; This function is called by:
   115 ;;		Startup code after reset
   116 ;; This function uses a non-reentrant model
   117 ;;
   118                           
   119                           	psect	text0
   120  000090                     __ptext0:
   121                           	opt stack 0
   122  000090                     _main:
   123                           	opt stack 30
   124                           
   125                           ;main.c: 28: TRISB=0x00;
   126                           
   127                           ;incstack = 0
   128  000090  0E00               	movlw	0
   129  000092  6E93               	movwf	3987,c	;volatile
   130                           
   131                           ;main.c: 29: PORTB = 0x00;
   132  000094  0E00               	movlw	0
   133  000096  6E81               	movwf	3969,c	;volatile
   134                           
   135                           ;main.c: 34: IPEN = 0;
   136  000098  9ED0               	bcf	4048,7,c	;volatile
   137                           
   138                           ;main.c: 41: INTCONbits.GIE = 1;
   139  00009A  8EF2               	bsf	intcon,7,c	;volatile
   140                           
   141                           ;main.c: 44: PEIE = 1;
   142  00009C  8CF2               	bsf	intcon,6,c	;volatile
   143                           
   144                           ;main.c: 46: TMR2IE = 1;
   145  00009E  829D               	bsf	3997,1,c	;volatile
   146                           
   147                           ;main.c: 55: T2CONbits.T2CKPS0 = 0;
   148  0000A0  90CA               	bcf	4042,0,c	;volatile
   149                           
   150                           ;main.c: 56: T2CONbits.T2CKPS1 = 0;
   151  0000A2  92CA               	bcf	4042,1,c	;volatile
   152                           
   153                           ;main.c: 66: T1CONbits.T1CKPS0 = 1;
   154  0000A4  88CD               	bsf	4045,4,c	;volatile
   155                           
   156                           ;main.c: 67: T1CONbits.T1CKPS1 = 0;
   157  0000A6  9ACD               	bcf	4045,5,c	;volatile
   158                           
   159                           ;main.c: 77: T2CONbits.T2OUTPS0 = 0;
   160  0000A8  96CA               	bcf	4042,3,c	;volatile
   161                           
   162                           ;main.c: 78: T2CONbits.T2OUTPS1 = 0;
   163  0000AA  98CA               	bcf	4042,4,c	;volatile
   164                           
   165                           ;main.c: 79: T2CONbits.T2OUTPS2 = 0;
   166  0000AC  9ACA               	bcf	4042,5,c	;volatile
   167                           
   168                           ;main.c: 80: T2CONbits.T2OUTPS3 = 0;
   169  0000AE  9CCA               	bcf	4042,6,c	;volatile
   170                           
   171                           ;main.c: 96: T2CONbits.TMR2ON =1 ;
   172  0000B0  84CA               	bsf	4042,2,c	;volatile
   173                           
   174                           ;main.c: 99: PR2 =128;
   175  0000B2  0E80               	movlw	128
   176  0000B4  6ECB               	movwf	4043,c	;volatile
   177  0000B6                     l25:
   178  0000B6  D7FF               	goto	l25
   179  0000B8                     __end_of_main:
   180                           	opt stack 0
   181                           intcon	equ	0xFF2
   182                           
   183 ;; *************** function _CHECK *****************
   184 ;; Defined at:
   185 ;;		line 106 in file "main.c"
   186 ;; Parameters:    Size  Location     Type
   187 ;;		None
   188 ;; Auto vars:     Size  Location     Type
   189 ;;		None
   190 ;; Return value:  Size  Location     Type
   191 ;;                  1    wreg      void 
   192 ;; Registers used:
   193 ;;		status,2, status,0
   194 ;; Tracked objects:
   195 ;;		On entry : 0/0
   196 ;;		On exit  : 0/0
   197 ;;		Unchanged: 0/0
   198 ;; Data sizes:     COMRAM   BANK0   BANK1   BANK2   BANK3   BANK4   BANK5   BANK6   BANK7
   199 ;;      Params:         0       0       0       0       0       0       0       0       0
   200 ;;      Locals:         0       0       0       0       0       0       0       0       0
   201 ;;      Temps:         14       0       0       0       0       0       0       0       0
   202 ;;      Totals:        14       0       0       0       0       0       0       0       0
   203 ;;Total ram usage:       14 bytes
   204 ;; Hardware stack levels used:    1
   205 ;; This function calls:
   206 ;;		Nothing
   207 ;; This function is called by:
   208 ;;		Interrupt level 2
   209 ;; This function uses a non-reentrant model
   210 ;;
   211                           
   212                           	psect	intcode
   213  000008                     __pintcode:
   214                           	opt stack 0
   215  000008                     _CHECK:
   216                           	opt stack 30
   217                           
   218                           ;incstack = 0
   219  000008  820F               	bsf	btemp,1,c	;set compiler interrupt flag (level 2)
   220  00000A  ED09  F000         	call	int_func,f	;refresh shadow registers
   221                           intcon	equ	0xFF2
   222                           
   223                           	psect	intcode_body
   224  000012                     __pintcode_body:
   225                           	opt stack 30
   226  000012                     int_func:
   227                           	opt stack 30
   228  000012  0006               	pop		; remove dummy address from shadow register refresh
   229  000014  CFFA F001          	movff	pclath,??_CHECK
   230  000018  CFFB F002          	movff	pclatu,??_CHECK+1
   231  00001C  CFE9 F003          	movff	fsr0l,??_CHECK+2
   232  000020  CFEA F004          	movff	fsr0h,??_CHECK+3
   233  000024  CFE1 F005          	movff	fsr1l,??_CHECK+4
   234  000028  CFE2 F006          	movff	fsr1h,??_CHECK+5
   235  00002C  CFD9 F007          	movff	fsr2l,??_CHECK+6
   236  000030  CFDA F008          	movff	fsr2h,??_CHECK+7
   237  000034  CFF3 F009          	movff	prodl,??_CHECK+8
   238  000038  CFF4 F00A          	movff	prodh,??_CHECK+9
   239  00003C  CFF6 F00B          	movff	tblptrl,??_CHECK+10
   240  000040  CFF7 F00C          	movff	tblptrh,??_CHECK+11
   241  000044  CFF8 F00D          	movff	tblptru,??_CHECK+12
   242  000048  CFF5 F00E          	movff	tablat,??_CHECK+13
   243                           
   244                           ;main.c: 112: if (TMR2IF == 1)
   245  00004C  A29E               	btfss	3998,1,c	;volatile
   246  00004E  D002               	goto	i2l32
   247                           
   248                           ;main.c: 113: {
   249                           ;main.c: 118: LATB = ~LATB ;
   250  000050  1E8A               	comf	3978,f,c	;volatile
   251                           
   252                           ;main.c: 120: TMR2IF = 0;
   253  000052  929E               	bcf	3998,1,c	;volatile
   254  000054                     i2l32:
   255  000054  C00E  FFF5         	movff	??_CHECK+13,tablat
   256  000058  C00D  FFF8         	movff	??_CHECK+12,tblptru
   257  00005C  C00C  FFF7         	movff	??_CHECK+11,tblptrh
   258  000060  C00B  FFF6         	movff	??_CHECK+10,tblptrl
   259  000064  C00A  FFF4         	movff	??_CHECK+9,prodh
   260  000068  C009  FFF3         	movff	??_CHECK+8,prodl
   261  00006C  C008  FFDA         	movff	??_CHECK+7,fsr2h
   262  000070  C007  FFD9         	movff	??_CHECK+6,fsr2l
   263  000074  C006  FFE2         	movff	??_CHECK+5,fsr1h
   264  000078  C005  FFE1         	movff	??_CHECK+4,fsr1l
   265  00007C  C004  FFEA         	movff	??_CHECK+3,fsr0h
   266  000080  C003  FFE9         	movff	??_CHECK+2,fsr0l
   267  000084  C002  FFFB         	movff	??_CHECK+1,pclatu
   268  000088  C001  FFFA         	movff	??_CHECK,pclath
   269  00008C  920F               	bcf	btemp,1,c	;clear compiler interrupt flag (level 2)
   270  00008E  0011               	retfie		f
   271  000090                     __end_of_CHECK:
   272                           	opt stack 0
   273  0000                     pclatu	equ	0xFFB
   274                           pclath	equ	0xFFA
   275                           tblptru	equ	0xFF8
   276                           tblptrh	equ	0xFF7
   277                           tblptrl	equ	0xFF6
   278                           tablat	equ	0xFF5
   279                           prodh	equ	0xFF4
   280                           prodl	equ	0xFF3
   281                           intcon	equ	0xFF2
   282                           fsr0h	equ	0xFEA
   283                           fsr0l	equ	0xFE9
   284                           fsr1h	equ	0xFE2
   285                           fsr1l	equ	0xFE1
   286                           fsr2h	equ	0xFDA
   287                           fsr2l	equ	0xFD9
   288                           pclatu	equ	0xFFB
   289                           pclath	equ	0xFFA
   290                           tblptru	equ	0xFF8
   291                           tblptrh	equ	0xFF7
   292                           tblptrl	equ	0xFF6
   293                           tablat	equ	0xFF5
   294                           prodh	equ	0xFF4
   295                           prodl	equ	0xFF3
   296                           intcon	equ	0xFF2
   297                           fsr0h	equ	0xFEA
   298                           fsr0l	equ	0xFE9
   299                           fsr1h	equ	0xFE2
   300                           fsr1l	equ	0xFE1
   301                           fsr2h	equ	0xFDA
   302                           fsr2l	equ	0xFD9
   303                           
   304                           	psect	rparam
   305  0000                     pclatu	equ	0xFFB
   306                           pclath	equ	0xFFA
   307                           tblptru	equ	0xFF8
   308                           tblptrh	equ	0xFF7
   309                           tblptrl	equ	0xFF6
   310                           tablat	equ	0xFF5
   311                           prodh	equ	0xFF4
   312                           prodl	equ	0xFF3
   313                           intcon	equ	0xFF2
   314                           fsr0h	equ	0xFEA
   315                           fsr0l	equ	0xFE9
   316                           fsr1h	equ	0xFE2
   317                           fsr1l	equ	0xFE1
   318                           fsr2h	equ	0xFDA
   319                           fsr2l	equ	0xFD9
   320                           
   321                           	psect	temp
   322  00000F                     btemp:
   323                           	opt stack 0
   324  00000F                     	ds	1
   325  0000                     int$flags	set	btemp
   326                           pclatu	equ	0xFFB
   327                           pclath	equ	0xFFA
   328                           tblptru	equ	0xFF8
   329                           tblptrh	equ	0xFF7
   330                           tblptrl	equ	0xFF6
   331                           tablat	equ	0xFF5
   332                           prodh	equ	0xFF4
   333                           prodl	equ	0xFF3
   334                           intcon	equ	0xFF2
   335                           fsr0h	equ	0xFEA
   336                           fsr0l	equ	0xFE9
   337                           fsr1h	equ	0xFE2
   338                           fsr1l	equ	0xFE1
   339                           fsr2h	equ	0xFDA
   340                           fsr2l	equ	0xFD9


Data Sizes:
    Strings     0
    Constant    0
    Data        0
    BSS         0
    Persistent  0
    Stack       0

Auto Spaces:
    Space          Size  Autos    Used
    COMRAM           94     14      14
    BANK0           160      0       0
    BANK1           256      0       0
    BANK2           256      0       0
    BANK3           256      0       0
    BANK4           256      0       0
    BANK5           256      0       0
    BANK6           256      0       0
    BANK7           256      0       0

Pointer List with Targets:

    None.

Critical Paths under _main in COMRAM

    None.

Critical Paths under _CHECK in COMRAM

    None.

Critical Paths under _main in BANK0

    None.

Critical Paths under _CHECK in BANK0

    None.

Critical Paths under _main in BANK1

    None.

Critical Paths under _CHECK in BANK1

    None.

Critical Paths under _main in BANK2

    None.

Critical Paths under _CHECK in BANK2

    None.

Critical Paths under _main in BANK3

    None.

Critical Paths under _CHECK in BANK3

    None.

Critical Paths under _main in BANK4

    None.

Critical Paths under _CHECK in BANK4

    None.

Critical Paths under _main in BANK5

    None.

Critical Paths under _CHECK in BANK5

    None.

Critical Paths under _main in BANK6

    None.

Critical Paths under _CHECK in BANK6

    None.

Critical Paths under _main in BANK7

    None.

Critical Paths under _CHECK in BANK7

    None.

Call Graph Tables:

 ---------------------------------------------------------------------------------
 (Depth) Function   	        Calls       Base Space   Used Autos Params    Refs
 ---------------------------------------------------------------------------------
 (0) _main                                                 0     0      0       0
 ---------------------------------------------------------------------------------
 Estimated maximum stack depth 0
 ---------------------------------------------------------------------------------
 (Depth) Function   	        Calls       Base Space   Used Autos Params    Refs
 ---------------------------------------------------------------------------------
 (1) _CHECK                                               14    14      0       0
                                              0 COMRAM    14    14      0
 ---------------------------------------------------------------------------------
 Estimated maximum stack depth 1
 ---------------------------------------------------------------------------------

 Call Graph Graphs:

 _main (ROOT)

 _CHECK (ROOT)

 Address spaces:
Name               Size   Autos  Total    Cost      Usage
BITCOMRAM           5E      0       0       0        0.0%
EEDATA             100      0       0       0        0.0%
NULL                 0      0       0       0        0.0%
CODE                 0      0       0       0        0.0%
COMRAM              5E      E       E       1       14.9%
STACK                0      0       0       2        0.0%
DATA                 0      0       0       3        0.0%
BITBANK0            A0      0       0       4        0.0%
BANK0               A0      0       0       5        0.0%
BITBANK1           100      0       0       6        0.0%
BANK1              100      0       0       7        0.0%
BITBANK2           100      0       0       8        0.0%
BANK2              100      0       0       9        0.0%
BITBANK3           100      0       0      10        0.0%
BANK3              100      0       0      11        0.0%
BITBANK4           100      0       0      12        0.0%
BANK4              100      0       0      13        0.0%
BITBANK5           100      0       0      14        0.0%
BANK5              100      0       0      15        0.0%
BITBANK6           100      0       0      16        0.0%
BANK6              100      0       0      17        0.0%
BITBANK7           100      0       0      18        0.0%
BANK7              100      0       0      19        0.0%
ABS                  0      0       0      20        0.0%
BIGRAM             7FF      0       0      21        0.0%
BITSFR               0      0       0     200        0.0%
SFR                  0      0       0     200        0.0%


Microchip Technology PIC18 Macro Assembler V1.40 build -251452761 
Symbol Table                                                                                   Wed Feb  8 15:11:52 2017

                     l25 00B6              __CFG_BOR$ON 000000              __CFG_BORV$3 000000  
           __CFG_CP0$OFF 000000             __CFG_CP1$OFF 000000             __CFG_CP2$OFF 000000  
           __CFG_CP3$OFF 000000             __CFG_CPB$OFF 000000                      _PR2 000FCB  
           __CFG_CPD$OFF 000000             __CFG_LVP$OFF 000000             __CFG_WDT$OFF 000000  
                   _LATB 000F8A                     _IPEN 007E87                     _PEIE 007F96  
                   i2l32 0054                     _main 0090                     fsr0h 000FEA  
                   fsr1h 000FE2                     fsr2h 000FDA                     fsr0l 000FE9  
                   fsr1l 000FE1                     fsr2l 000FD9                     btemp 000F  
                   prodh 000FF4                     prodl 000FF3                     start 000E  
          __CFG_IESO$OFF 000000            __CFG_MCLRE$ON 000000             ___param_bank 000000  
          __CFG_PLLDIV$5 000000           __CFG_CCP2MX$ON 000000                    ?_main 0001  
                  _CHECK 0008                    _PORTB 000F81            __CFG_USBDIV$1 000000  
                  _TRISB 000F93            __CFG_PWRT$OFF 000000            __CFG_WRT0$OFF 000000  
          __CFG_WRT1$OFF 000000            __CFG_WRT2$OFF 000000            __CFG_WRT3$OFF 000000  
         __CFG_EBTR0$OFF 000000           __CFG_FCMEN$OFF 000000           __CFG_EBTR1$OFF 000000  
         __CFG_EBTR2$OFF 000000           __CFG_EBTR3$OFF 000000            __CFG_WRTB$OFF 000000  
          __CFG_WRTC$OFF 000000            __CFG_WRTD$OFF 000000           __CFG_EBTRB$OFF 000000  
                  pclath 000FFA                    tablat 000FF5           __CFG_ICPRT$OFF 000000  
        __initialization 00B8             __end_of_main 00B8                   ??_main 000F  
                 ?_CHECK 0001            __activetblptr 000000                   _TMR2IE 007CE9  
                 _TMR2IF 007CF1           __CFG_XINST$OFF 000000           __CFG_STVREN$ON 000000  
                 tblptrh 000FF7                   tblptrl 000FF6                   tblptru 000FF8  
             __accesstop 0060  __end_of__initialization 00B8          __CFG_PBADEN$OFF 000000  
          __end_of_CHECK 0090            ___rparam_used 000001           __pcstackCOMRAM 0001  
                ??_CHECK 0001          __CFG_VREGEN$OFF 000000                  __Hparam 0000  
                __Lparam 0000                  __pcinit 00B8                  __ramtop 0800  
                __ptext0 0090                _T1CONbits 000FCD                _T2CONbits 000FCA  
         __pintcode_body 0012     end_of_initialization 00B8                  int_func 0012  
    start_initialization 00B8         __CFG_LPT1OSC$OFF 000000                __pintcode 0008  
         __size_of_CHECK 0088         __CFG_WDTPS$32768 000000                 __Hrparam 0000  
               __Lrparam 0000            __size_of_main 0028                 int$flags 000F  
  __CFG_CPUDIV$OSC1_PLL2 000000               _INTCONbits 000FF2                 intlevel2 0000  
     __CFG_FOSC$HSPLL_HS 000000  
